e:\documents\github\fluidsimulatorwarpper\winwrapper\winwrapper\debug\vc120.pdb
e:\documents\github\fluidsimulatorwarpper\winwrapper\winwrapper\debug\vc120.idb
e:\documents\github\fluidsimulatorwarpper\winwrapper\winwrapper\debug\fluidsystem.obj
e:\documents\github\fluidsimulatorwarpper\winwrapper\winwrapper\debug\sph_system.obj
e:\documents\github\fluidsimulatorwarpper\winwrapper\winwrapper\debug\sph_timer.obj
e:\documents\github\finalyearproject\fluidsimulatorwrapper\winwrapper\winwrapper\debug\vc120.pdb
e:\documents\github\finalyearproject\fluidsimulatorwrapper\winwrapper\winwrapper\debug\vc120.idb
e:\documents\github\finalyearproject\fluidsimulatorwrapper\winwrapper\winwrapper\debug\sph_system.obj
e:\documents\github\finalyearproject\fluidsimulatorwrapper\winwrapper\winwrapper\debug\sph_timer.obj
e:\documents\github\finalyearproject\fluidsimulatorwrapper\winwrapper\winwrapper\debug\main.obj
e:\documents\github\fluidsimulatorwarpper\winwrapper\debug\winwrapper.ilk
e:\documents\github\fluidsimulatorwarpper\winwrapper\debug\winwrapper.dll
e:\documents\github\fluidsimulatorwarpper\winwrapper\debug\winwrapper.pdb
e:\documents\github\finalyearproject\fluidsimulatorwrapper\winwrapper\debug\winwrapper.pdb
e:\documents\github\finalyearproject\fluidsimulatorwrapper\winwrapper\winwrapper\debug\winwrapper.tlog\cl.command.1.tlog
e:\documents\github\finalyearproject\fluidsimulatorwrapper\winwrapper\winwrapper\debug\winwrapper.tlog\cl.read.1.tlog
e:\documents\github\finalyearproject\fluidsimulatorwrapper\winwrapper\winwrapper\debug\winwrapper.tlog\cl.write.1.tlog
e:\documents\github\finalyearproject\fluidsimulatorwrapper\winwrapper\winwrapper\debug\winwrapper.tlog\link.command.1.tlog
e:\documents\github\finalyearproject\fluidsimulatorwrapper\winwrapper\winwrapper\debug\winwrapper.tlog\link.read.1.tlog
e:\documents\github\finalyearproject\fluidsimulatorwrapper\winwrapper\winwrapper\debug\winwrapper.tlog\link.write.1.tlog
