Build started 17/05/2016 14:50:11.
     1>Project "\\Mac\Home\Documents\FinalYearProject\FinalYearProject\FluidSimulatorWrapper\WinFluid\WinFluid\WinFluid.vcxproj" on node 2 (Build target(s)).
     1>ClCompile:
         C:\Program Files (x86)\Microsoft Visual Studio 12.0\VC\bin\CL.exe /c /Zi /nologo /W3 /WX- /sdl /O2 /Oi /Oy- /GL /D _WINDLL /D _MBCS /Gm- /EHsc /MD /GS /Gy /fp:precise /Zc:wchar_t /Zc:forScope /Fo"Release\\" /Fd"Release\vc120.pdb" /Gd /TP /analyze- /errorReport:prompt ..\..\Src\SPH_Controller.cpp ..\..\Src\sph_system.cpp
         SPH_Controller.cpp
     1>..\..\Src\SPH_Controller.cpp(94): warning C4018: '<' : signed/unsigned mismatch
         sph_system.cpp
     1>..\..\Src\sph_system.cpp(23): warning C4244: 'argument' : conversion from 'uint' to 'float', possible loss of data
     1>..\..\Src\sph_system.cpp(25): warning C4244: 'argument' : conversion from 'uint' to 'float', possible loss of data
     1>..\..\Src\sph_system.cpp(27): warning C4244: 'argument' : conversion from 'uint' to 'float', possible loss of data
     1>..\..\Src\sph_system.cpp(49): warning C4244: 'argument' : conversion from 'uint' to 'float', possible loss of data
     1>..\..\Src\sph_system.cpp(100): warning C4244: 'argument' : conversion from 'uint' to 'float', possible loss of data
     1>..\..\Src\sph_system.cpp(102): warning C4244: 'argument' : conversion from 'uint' to 'float', possible loss of data
     1>..\..\Src\sph_system.cpp(104): warning C4244: 'argument' : conversion from 'uint' to 'float', possible loss of data
     1>..\..\Src\sph_system.cpp(126): warning C4244: 'argument' : conversion from 'uint' to 'float', possible loss of data
       Link:
         C:\Program Files (x86)\Microsoft Visual Studio 12.0\VC\bin\link.exe /ERRORREPORT:PROMPT /OUT:"\\Mac\Home\Documents\FinalYearProject\FinalYearProject\FluidSimulatorWrapper\WinFluid\Release\FluidUnityPlugin.dll" /NOLOGO kernel32.lib user32.lib gdi32.lib winspool.lib comdlg32.lib advapi32.lib shell32.lib ole32.lib oleaut32.lib uuid.lib odbc32.lib odbccp32.lib /MANIFEST /MANIFESTUAC:"level='asInvoker' uiAccess='false'" /manifest:embed /DEBUG /PDB:"\\Mac\Home\Documents\FinalYearProject\FinalYearProject\FluidSimulatorWrapper\WinFluid\Release\FluidUnityPlugin.pdb" /OPT:REF /OPT:ICF /LTCG /TLBID:1 /DYNAMICBASE /NXCOMPAT /IMPLIB:"\\Mac\Home\Documents\FinalYearProject\FinalYearProject\FluidSimulatorWrapper\WinFluid\Release\FluidUnityPlugin.lib" /MACHINE:X86 /SAFESEH /DLL Release\SPH_Controller.obj
         Release\sph_system.obj
         Generating code
         Finished generating code
         WinFluid.vcxproj -> \\Mac\Home\Documents\FinalYearProject\FinalYearProject\FluidSimulatorWrapper\WinFluid\Release\FluidUnityPlugin.dll
     1>Done Building Project "\\Mac\Home\Documents\FinalYearProject\FinalYearProject\FluidSimulatorWrapper\WinFluid\WinFluid\WinFluid.vcxproj" (Build target(s)).

Build succeeded.

Time Elapsed 00:00:01.85
